<?xml version="1.0" encoding="UTF-8"?>
<!-- Generated by org.testng.reporters.JUnitXMLReporter -->
<testsuite ignored="0" hostname="HDC3-LX-0168V46" failures="0" tests="2" name="Error Validation Test" time="23.556" errors="0" timestamp="2023-08-22T15:09:00 IST">
  <testcase classname="hemanthPractice.Tests.ValidateErrorLogin" name="loginErrorValidation" time="4.735"/>
  <testcase classname="hemanthPractice.Tests.ValidateErrorLogin" name="productErrorValidation" time="3.968"/>
</testsuite> <!-- Error Validation Test -->
