<?xml version="1.0" encoding="UTF-8"?>
<!-- Generated by org.testng.reporters.JUnitXMLReporter -->
<testsuite ignored="0" hostname="HDC3-LX-0168V46" failures="0" tests="3" name="Submit Order" time="23.31" errors="0" timestamp="2023-08-21T14:46:37 IST">
  <testcase classname="hemanthPractice.Tests.SubmitOrder" name="submitOrder" time="5.456"/>
  <testcase classname="hemanthPractice.Tests.SubmitOrder" name="submitOrder" time="4.271"/>
  <testcase classname="hemanthPractice.Tests.SubmitOrder" name="verifyOrder" time="1.755"/>
</testsuite> <!-- Submit Order -->
