<?xml version="1.0" encoding="UTF-8"?>
<testng-results ignored="0" total="1" passed="1" failed="0" skipped="0">
  <reporter-output>
  </reporter-output>
  <suite started-at="2023-02-28T15:00:35 IST" name="Default suite" finished-at="2023-02-28T15:00:52 IST" duration-ms="16870">
    <groups>
    </groups>
    <test started-at="2023-02-28T15:00:35 IST" name="Default test" finished-at="2023-02-28T15:00:52 IST" duration-ms="16870">
      <class name="ExtentReport.Practice.ExtentTest">
        <test-method is-config="true" signature="generateReport()[pri:0, instance:ExtentReport.Practice.ExtentTest@37271612]" started-at="2023-02-28T15:00:35 IST" name="generateReport" finished-at="2023-02-28T15:00:36 IST" duration-ms="530" status="PASS">
          <reporter-output>
          </reporter-output>
        </test-method> <!-- generateReport -->
        <test-method signature="initialDemo()[pri:0, instance:ExtentReport.Practice.ExtentTest@37271612]" started-at="2023-02-28T15:00:36 IST" name="initialDemo" finished-at="2023-02-28T15:00:52 IST" duration-ms="16278" status="PASS">
          <reporter-output>
          </reporter-output>
        </test-method> <!-- initialDemo -->
      </class> <!-- ExtentReport.Practice.ExtentTest -->
    </test> <!-- Default test -->
  </suite> <!-- Default suite -->
</testng-results>
