<?xml version="1.0" encoding="UTF-8"?>
<!-- Generated by org.testng.reporters.JUnitXMLReporter -->
<testsuite ignored="0" hostname="HDC3-LX-0168V46" failures="0" tests="3" name="Test" time="53.596" errors="0" timestamp="2023-03-14T15:21:01 IST">
  <testcase classname="HemanthAcademy.Standalonescript" name="submitorder" time="4.139"/>
  <testcase classname="HemanthAcademy.Standalonescript" name="submitorder" time="4.272"/>
  <testcase classname="HemanthAcademy.Standalonescript" name="validateOrder" time="1.055"/>
</testsuite> <!-- Test -->
