<?xml version="1.0" encoding="UTF-8"?>
<!-- Generated by org.testng.reporters.JUnitXMLReporter -->
<testsuite ignored="0" hostname="HDC3-LX-0168V46" failures="0" tests="2" name="Error Validation Test" time="18.601" errors="0" timestamp="2023-08-22T11:53:16 IST">
  <testcase classname="hemanthPractice.Tests.ValidateErrorLogin" name="loginErrorValidation" time="5.173"/>
  <testcase classname="hemanthPractice.Tests.ValidateErrorLogin" name="productErrorValidation" time="3.298"/>
</testsuite> <!-- Error Validation Test -->
