<?xml version="1.0" encoding="UTF-8"?>
<!-- Generated by org.testng.reporters.JUnitXMLReporter -->
<testsuite ignored="0" hostname="HDC3-LX-0168V46" failures="0" tests="3" name="Submit Order" time="21.366" errors="0" timestamp="2023-08-17T12:41:49 IST">
  <testcase classname="hemanthPractice.Tests.SubmitOrder" name="submitOrder" time="4.183"/>
  <testcase classname="hemanthPractice.Tests.SubmitOrder" name="submitOrder" time="3.808"/>
  <testcase classname="hemanthPractice.Tests.SubmitOrder" name="verifyOrder" time="1.439"/>
</testsuite> <!-- Submit Order -->
