<?xml version="1.0" encoding="UTF-8"?>
<!-- Generated by org.testng.reporters.JUnitReportReporter -->
<testsuite hostname="HDC3-LX-0168V46" failures="0" tests="3" name="HemanthAcademy.Standalonescript" time="50.251" errors="0" timestamp="2023-03-13T18:34:57 IST" skipped="0">
  <testcase classname="HemanthAcademy.Standalonescript" name="submitorder" time="19.627"/>
  <system-out/>
  <testcase classname="HemanthAcademy.Standalonescript" name="validateOrder" time="13.480"/>
  <system-out/>
  <testcase classname="HemanthAcademy.Standalonescript" name="submitorder" time="17.144"/>
  <system-out/>
</testsuite> <!-- HemanthAcademy.Standalonescript -->
