<?xml version="1.0" encoding="UTF-8"?>
<!-- Generated by org.testng.reporters.JUnitReportReporter -->
<testsuite hostname="HDC3-LX-0168V46" failures="0" tests="2" name="HemanthAcademy.JavaStreams" time="0.025" errors="0" timestamp="2023-02-27T14:19:14 IST" skipped="0">
  <testcase classname="HemanthAcademy.JavaStreams" name="reversecharsin2Strings" time="0.003"/>
  <system-out/>
  <testcase classname="HemanthAcademy.JavaStreams" name="rev2StringsandConcat" time="0.022"/>
  <system-out/>
</testsuite> <!-- HemanthAcademy.JavaStreams -->
