<?xml version="1.0" encoding="UTF-8"?>
<!-- Generated by org.testng.reporters.JUnitXMLReporter -->
<testsuite ignored="1" hostname="HDC3-LX-0168V46" failures="0" tests="2" name="Purchase Order Test" time="20.883" errors="0" timestamp="2023-08-21T14:40:06 IST">
  <testcase classname="hemanthPractice.Tests.SubmitOrder" name="submitOrder" time="4.939"/>
  <testcase classname="hemanthPractice.Tests.SubmitOrder" name="submitOrder" time="4.0"/>
  <testcase classname="hemanthPractice.Tests.SubmitOrder" name="verifyOrder" time="0.0">
    <ignored/>
  </testcase> <!-- verifyOrder -->
</testsuite> <!-- Purchase Order Test -->
