<?xml version="1.0" encoding="UTF-8"?>
<!-- Generated by org.testng.reporters.JUnitXMLReporter -->
<testsuite ignored="0" hostname="HDC3-LX-0168V46" failures="0" tests="3" name="Test" time="50.712" errors="0" timestamp="2023-03-13T18:34:28 IST">
  <testcase classname="HemanthAcademy.Standalonescript" name="submitorder" time="4.566"/>
  <testcase classname="HemanthAcademy.Standalonescript" name="submitorder" time="3.606"/>
  <testcase classname="HemanthAcademy.Standalonescript" name="validateOrder" time="1.186"/>
</testsuite> <!-- Test -->
