<?xml version="1.0" encoding="UTF-8"?>
<!-- Generated by org.testng.reporters.JUnitXMLReporter -->
<testsuite ignored="1" hostname="HDC3-LX-0168V46" failures="0" tests="2" name="Purchase Order Test" time="25.243" errors="0" timestamp="2023-08-11T13:08:03 IST">
  <testcase classname="hemanthPractice.Tests.SubmitOrder" name="submitOrder" time="6.279"/>
  <testcase classname="hemanthPractice.Tests.SubmitOrder" name="submitOrder" time="5.937"/>
  <testcase classname="hemanthPractice.Tests.SubmitOrder" name="verifyOrder" time="0.0">
    <ignored/>
  </testcase> <!-- verifyOrder -->
</testsuite> <!-- Purchase Order Test -->
