<?xml version="1.0" encoding="UTF-8"?>
<!-- Generated by org.testng.reporters.JUnitXMLReporter -->
<testsuite ignored="0" hostname="HDC3-LX-0168V46" failures="0" tests="3" name="Submit Order Test" time="26.258" errors="0" timestamp="2023-08-22T14:35:35 IST">
  <testcase classname="hemanthPractice.Tests.SubmitOrder" name="submitOrder" time="6.111"/>
  <testcase classname="hemanthPractice.Tests.SubmitOrder" name="submitOrder" time="5.17"/>
  <testcase classname="hemanthPractice.Tests.SubmitOrder" name="verifyOrder" time="2.367"/>
</testsuite> <!-- Submit Order Test -->
