<?xml version="1.0" encoding="UTF-8"?>
<testng-results ignored="0" total="5" passed="5" failed="0" skipped="0">
  <reporter-output>
  </reporter-output>
  <suite started-at="2023-03-14T15:20:07 IST" name="Suite" finished-at="2023-03-14T15:21:32 IST" duration-ms="85266">
    <groups>
      <group name="Purchase">
        <method signature="Standalonescript.submitorder(java.util.HashMap)[pri:0, instance:HemanthAcademy.Standalonescript@41f69e84]" name="submitorder" class="HemanthAcademy.Standalonescript"/>
      </group> <!-- Purchase -->
      <group name="Error Validation">
        <method signature="ErrorValidation.ProductValidation()[pri:0, instance:HemanthAcademy.ErrorValidation@a1f72f5]" name="ProductValidation" class="HemanthAcademy.ErrorValidation"/>
      </group> <!-- Error Validation -->
    </groups>
    <test started-at="2023-03-14T15:20:07 IST" name="Test" finished-at="2023-03-14T15:21:00 IST" duration-ms="53596">
      <class name="HemanthAcademy.Standalonescript">
        <test-method is-config="true" signature="launchapplication()[pri:0, instance:HemanthAcademy.Standalonescript@41f69e84]" started-at="2023-03-14T15:20:07 IST" name="launchapplication" finished-at="2023-03-14T15:20:24 IST" duration-ms="16754" status="PASS">
          <reporter-output>
          </reporter-output>
        </test-method> <!-- launchapplication -->
        <test-method signature="submitorder(java.util.HashMap)[pri:0, instance:HemanthAcademy.Standalonescript@41f69e84]" started-at="2023-03-14T15:20:24 IST" name="submitorder" data-provider="getData" finished-at="2023-03-14T15:20:28 IST" duration-ms="4139" status="PASS">
          <params>
            <param index="0">
              <value>
                <![CDATA[{productname=ZARA COAT 3, password=Hemanth12$, email=hemanthkrishnarao1989@gmail.com}]]>
              </value>
            </param>
          </params>
          <reporter-output>
          </reporter-output>
        </test-method> <!-- submitorder -->
        <test-method is-config="true" signature="teardown()[pri:0, instance:HemanthAcademy.Standalonescript@41f69e84]" started-at="2023-03-14T15:20:28 IST" name="teardown" finished-at="2023-03-14T15:20:28 IST" duration-ms="62" status="PASS">
          <reporter-output>
          </reporter-output>
        </test-method> <!-- teardown -->
        <test-method is-config="true" signature="launchapplication()[pri:0, instance:HemanthAcademy.Standalonescript@41f69e84]" started-at="2023-03-14T15:20:28 IST" name="launchapplication" finished-at="2023-03-14T15:20:42 IST" duration-ms="13659" status="PASS">
          <reporter-output>
          </reporter-output>
        </test-method> <!-- launchapplication -->
        <test-method signature="submitorder(java.util.HashMap)[pri:0, instance:HemanthAcademy.Standalonescript@41f69e84]" started-at="2023-03-14T15:20:42 IST" name="submitorder" data-provider="getData" finished-at="2023-03-14T15:20:46 IST" duration-ms="4272" status="PASS">
          <params>
            <param index="0">
              <value>
                <![CDATA[{productname=ADIDAS ORIGINAL, password=Iamking@000, email=shetty@gmail.com}]]>
              </value>
            </param>
          </params>
          <reporter-output>
          </reporter-output>
        </test-method> <!-- submitorder -->
        <test-method is-config="true" signature="teardown()[pri:0, instance:HemanthAcademy.Standalonescript@41f69e84]" started-at="2023-03-14T15:20:46 IST" name="teardown" finished-at="2023-03-14T15:20:46 IST" duration-ms="62" status="PASS">
          <reporter-output>
          </reporter-output>
        </test-method> <!-- teardown -->
        <test-method is-config="true" signature="launchapplication()[pri:0, instance:HemanthAcademy.Standalonescript@41f69e84]" started-at="2023-03-14T15:20:46 IST" name="launchapplication" finished-at="2023-03-14T15:20:59 IST" duration-ms="12777" status="PASS">
          <reporter-output>
          </reporter-output>
        </test-method> <!-- launchapplication -->
        <test-method signature="validateOrder()[pri:0, instance:HemanthAcademy.Standalonescript@41f69e84]" started-at="2023-03-14T15:20:59 IST" name="validateOrder" finished-at="2023-03-14T15:21:00 IST" depends-on-methods="HemanthAcademy.Standalonescript.submitorder" duration-ms="1055" status="PASS">
          <reporter-output>
          </reporter-output>
        </test-method> <!-- validateOrder -->
        <test-method is-config="true" signature="teardown()[pri:0, instance:HemanthAcademy.Standalonescript@41f69e84]" started-at="2023-03-14T15:21:00 IST" name="teardown" finished-at="2023-03-14T15:21:00 IST" duration-ms="82" status="PASS">
          <reporter-output>
          </reporter-output>
        </test-method> <!-- teardown -->
      </class> <!-- HemanthAcademy.Standalonescript -->
    </test> <!-- Test -->
    <test started-at="2023-03-14T15:21:01 IST" name="Test2" finished-at="2023-03-14T15:21:32 IST" duration-ms="30759">
      <class name="HemanthAcademy.ErrorValidation">
        <test-method is-config="true" signature="launchapplication()[pri:0, instance:HemanthAcademy.ErrorValidation@a1f72f5]" started-at="2023-03-14T15:21:01 IST" name="launchapplication" finished-at="2023-03-14T15:21:14 IST" duration-ms="12948" status="PASS">
          <reporter-output>
          </reporter-output>
        </test-method> <!-- launchapplication -->
        <test-method signature="LoginErrorValidation()[pri:0, instance:HemanthAcademy.ErrorValidation@a1f72f5]" started-at="2023-03-14T15:21:14 IST" name="LoginErrorValidation" finished-at="2023-03-14T15:21:15 IST" duration-ms="1212" status="PASS">
          <reporter-output>
          </reporter-output>
        </test-method> <!-- LoginErrorValidation -->
        <test-method is-config="true" signature="teardown()[pri:0, instance:HemanthAcademy.ErrorValidation@a1f72f5]" started-at="2023-03-14T15:21:15 IST" name="teardown" finished-at="2023-03-14T15:21:15 IST" duration-ms="69" status="PASS">
          <reporter-output>
          </reporter-output>
        </test-method> <!-- teardown -->
        <test-method is-config="true" signature="launchapplication()[pri:0, instance:HemanthAcademy.ErrorValidation@a1f72f5]" started-at="2023-03-14T15:21:15 IST" name="launchapplication" finished-at="2023-03-14T15:21:28 IST" duration-ms="13126" status="PASS">
          <reporter-output>
          </reporter-output>
        </test-method> <!-- launchapplication -->
        <test-method signature="ProductValidation()[pri:0, instance:HemanthAcademy.ErrorValidation@a1f72f5]" started-at="2023-03-14T15:21:28 IST" name="ProductValidation" finished-at="2023-03-14T15:21:32 IST" duration-ms="3307" status="PASS">
          <reporter-output>
          </reporter-output>
        </test-method> <!-- ProductValidation -->
        <test-method is-config="true" signature="teardown()[pri:0, instance:HemanthAcademy.ErrorValidation@a1f72f5]" started-at="2023-03-14T15:21:32 IST" name="teardown" finished-at="2023-03-14T15:21:32 IST" duration-ms="89" status="PASS">
          <reporter-output>
          </reporter-output>
        </test-method> <!-- teardown -->
      </class> <!-- HemanthAcademy.ErrorValidation -->
    </test> <!-- Test2 -->
  </suite> <!-- Suite -->
</testng-results>
