<?xml version="1.0" encoding="UTF-8"?>
<testsuite xmlns:xsi="http://www.w3.org/2001/XMLSchema-instance" xsi:noNamespaceSchemaLocation="https://maven.apache.org/surefire/maven-surefire-plugin/xsd/surefire-test-report-3.0.xsd" version="3.0" name="TestSuite" time="87.786" tests="5" errors="0" skipped="0" failures="0">
  <properties>
[...]
</properties>
  <testcase name="submitorder[{productname=ZARA COAT 3, password=Hemanth12$, email=hemanthkrishnarao1989@gmail.com}](1)" classname="HemanthAcademy.Standalonescript" time="4.144">
    <system-err><![CDATA[SLF4J: Failed to load class "org.slf4j.impl.StaticLoggerBinder".
SLF4J: Defaulting to no-operation (NOP) logger implementation
SLF4J: See http://www.slf4j.org/codes.html#StaticLoggerBinder for further details.
Starting ChromeDriver 2.42.591088 (7b2b2dca23cca0862f674758c9a3933e685c27d5) on port 61101
Only local connections are allowed.
[1678787414.317][WARNING]: Timed out connecting to Chrome, retrying...
Mar 14, 2023 3:20:16 PM org.openqa.selenium.remote.ProtocolHandshake createSession
INFO: Detected dialect: OSS
[1678787418.474][WARNING]: Timed out connecting to Chrome, retrying...
]]></system-err>
  </testcase>
  <testcase name="submitorder[{productname=ADIDAS ORIGINAL, password=Iamking@000, email=shetty@gmail.com}](2)" classname="HemanthAcademy.Standalonescript" time="4.27">
    <system-err><![CDATA[Starting ChromeDriver 2.42.591088 (7b2b2dca23cca0862f674758c9a3933e685c27d5) on port 11736
Only local connections are allowed.
[1678787433.083][WARNING]: Timed out connecting to Chrome, retrying...
Mar 14, 2023 3:20:35 PM org.openqa.selenium.remote.ProtocolHandshake createSession
INFO: Detected dialect: OSS
[1678787437.147][WARNING]: Timed out connecting to Chrome, retrying...
]]></system-err>
  </testcase>
  <testcase name="validateOrder" classname="HemanthAcademy.Standalonescript" time="1.059">
    <system-out><![CDATA[true
]]></system-out>
    <system-err><![CDATA[Starting ChromeDriver 2.42.591088 (7b2b2dca23cca0862f674758c9a3933e685c27d5) on port 33919
Only local connections are allowed.
[1678787450.646][WARNING]: Timed out connecting to Chrome, retrying...
Mar 14, 2023 3:20:52 PM org.openqa.selenium.remote.ProtocolHandshake createSession
INFO: Detected dialect: OSS
[1678787454.683][WARNING]: Timed out connecting to Chrome, retrying...
]]></system-err>
  </testcase>
  <testcase name="LoginErrorValidation" classname="HemanthAcademy.ErrorValidation" time="1.213">
    <system-err><![CDATA[Starting ChromeDriver 2.42.591088 (7b2b2dca23cca0862f674758c9a3933e685c27d5) on port 50853
Only local connections are allowed.
[1678787465.561][WARNING]: Timed out connecting to Chrome, retrying...
Mar 14, 2023 3:21:07 PM org.openqa.selenium.remote.ProtocolHandshake createSession
INFO: Detected dialect: OSS
[1678787469.611][WARNING]: Timed out connecting to Chrome, retrying...
]]></system-err>
  </testcase>
  <testcase name="ProductValidation" classname="HemanthAcademy.ErrorValidation" time="3.307">
    <system-err><![CDATA[Starting ChromeDriver 2.42.591088 (7b2b2dca23cca0862f674758c9a3933e685c27d5) on port 28278
Only local connections are allowed.
[1678787480.017][WARNING]: Timed out connecting to Chrome, retrying...
Mar 14, 2023 3:21:22 PM org.openqa.selenium.remote.ProtocolHandshake createSession
INFO: Detected dialect: OSS
[1678787484.073][WARNING]: Timed out connecting to Chrome, retrying...
]]></system-err>
  </testcase>
</testsuite>