<?xml version="1.0" encoding="UTF-8"?>
<!-- Generated by org.testng.reporters.JUnitReportReporter -->
<testsuite hostname="HDC3-LX-0168V46" failures="0" tests="2" name="HemanthAcademy.ErrorValidation" time="30.751" errors="0" timestamp="2023-03-14T15:21:32 IST" skipped="0">
  <testcase classname="HemanthAcademy.ErrorValidation" name="ProductValidation" time="16.344"/>
  <system-out/>
  <testcase classname="HemanthAcademy.ErrorValidation" name="LoginErrorValidation" time="14.407"/>
  <system-out/>
</testsuite> <!-- HemanthAcademy.ErrorValidation -->
