<?xml version="1.0" encoding="UTF-8"?>
<!-- Generated by org.testng.reporters.JUnitReportReporter -->
<testsuite hostname="HDC3-LX-0168V46" failures="0" tests="3" name="HemanthAcademy.Standalonescript" time="52.862" errors="0" timestamp="2023-03-14T15:21:32 IST" skipped="0">
  <testcase classname="HemanthAcademy.Standalonescript" name="validateOrder" time="14.776"/>
  <system-out/>
  <testcase classname="HemanthAcademy.Standalonescript" name="submitorder" time="20.975"/>
  <system-out/>
  <testcase classname="HemanthAcademy.Standalonescript" name="submitorder" time="17.111"/>
  <system-out/>
</testsuite> <!-- HemanthAcademy.Standalonescript -->
